<?xml version="1.0" encoding="UTF-8"?>
<testng-results skipped="0" failed="1" total="2" passed="1">
  <reporter-output>
    <line>
      <![CDATA[<a href="C:\Users\Yesica Acha\workspace\JagdPanther2/02-18-2015_18-43.png"><img src="file:///C:\Users\Yesica Acha\workspace\JagdPanther2/02-18-2015_18-43.png" alt=""height='100' width='100'/> <br />]]>
    </line>
  </reporter-output>
  <suite name="JagdPanther Edition" duration-ms="14598" started-at="2015-02-18T22:09:35Z" finished-at="2015-02-18T22:09:50Z">
    <groups>
      <group name="Acceptance">
        <method signature="VerifyProgramEdition.verifyAProgramIsEdited(java.lang.String, java.lang.String, java.lang.String)[pri:0, instance:tests.editiontests.VerifyProgramEdition@10feca44]" name="verifyAProgramIsEdited" class="tests.editiontests.VerifyProgramEdition"/>
      </group> <!-- Acceptance -->
    </groups>
    <test name="JagdPantherEditionTests" duration-ms="14598" started-at="2015-02-18T22:09:35Z" finished-at="2015-02-18T22:09:50Z">
      <class name="tests.editiontests.VerifyProgramEdition">
        <test-method status="PASS" signature="setUp()[pri:0, instance:tests.editiontests.VerifyProgramEdition@10feca44]" name="setUp" is-config="true" duration-ms="710" started-at="2015-02-18T18:09:35Z" finished-at="2015-02-18T18:09:36Z">
          <reporter-output>
          </reporter-output>
        </test-method> <!-- setUp -->
        <test-method status="FAIL" signature="verifyAProgramIsEdited(java.lang.String, java.lang.String, java.lang.String)[pri:0, instance:tests.editiontests.VerifyProgramEdition@10feca44]" name="verifyAProgramIsEdited" duration-ms="6905" started-at="2015-02-18T18:09:36Z" data-provider="ProgramCreation" finished-at="2015-02-18T18:09:43Z">
          <params>
            <param index="0">
              <value>
                <![CDATA[ProgramName2A]]>
              </value>
            </param>
            <param index="1">
              <value>
                <![CDATA[ProgramTitle2]]>
              </value>
            </param>
            <param index="2">
              <value>
                <![CDATA[ProgramDescription2]]>
              </value>
            </param>
          </params>
          <exception class="java.lang.AssertionError">
            <message>
              <![CDATA[expected [ProgramName2A] but found [null]]]>
            </message>
            <full-stacktrace>
              <![CDATA[java.lang.AssertionError: expected [ProgramName2A] but found [null]
	at org.testng.Assert.fail(Assert.java:94)
	at org.testng.Assert.failNotEquals(Assert.java:494)
	at org.testng.Assert.assertEquals(Assert.java:123)
	at org.testng.Assert.assertEquals(Assert.java:176)
	at org.testng.Assert.assertEquals(Assert.java:186)
	at tests.editiontests.VerifyProgramEdition.verifyAProgramIsEdited(VerifyProgramEdition.java:61)
	at sun.reflect.NativeMethodAccessorImpl.invoke0(Native Method)
	at sun.reflect.NativeMethodAccessorImpl.invoke(Unknown Source)
	at sun.reflect.DelegatingMethodAccessorImpl.invoke(Unknown Source)
	at java.lang.reflect.Method.invoke(Unknown Source)
	at org.testng.internal.MethodInvocationHelper.invokeMethod(MethodInvocationHelper.java:84)
	at org.testng.internal.Invoker.invokeMethod(Invoker.java:714)
	at org.testng.internal.Invoker.invokeTestMethod(Invoker.java:901)
	at org.testng.internal.Invoker.invokeTestMethods(Invoker.java:1231)
	at org.testng.internal.TestMethodWorker.invokeTestMethods(TestMethodWorker.java:127)
	at org.testng.internal.TestMethodWorker.run(TestMethodWorker.java:111)
	at org.testng.TestRunner.privateRun(TestRunner.java:767)
	at org.testng.TestRunner.run(TestRunner.java:617)
	at org.testng.SuiteRunner.runTest(SuiteRunner.java:334)
	at org.testng.SuiteRunner.runSequentially(SuiteRunner.java:329)
	at org.testng.SuiteRunner.privateRun(SuiteRunner.java:291)
	at org.testng.SuiteRunner.run(SuiteRunner.java:240)
	at org.testng.SuiteRunnerWorker.runSuite(SuiteRunnerWorker.java:52)
	at org.testng.SuiteRunnerWorker.run(SuiteRunnerWorker.java:86)
	at org.testng.TestNG.runSuitesSequentially(TestNG.java:1224)
	at org.testng.TestNG.runSuitesLocally(TestNG.java:1149)
	at org.testng.TestNG.run(TestNG.java:1057)
	at org.testng.remote.RemoteTestNG.run(RemoteTestNG.java:111)
	at org.testng.remote.RemoteTestNG.initAndRun(RemoteTestNG.java:204)
	at org.testng.remote.RemoteTestNG.main(RemoteTestNG.java:175)
]]>
            </full-stacktrace>
          </exception> <!-- java.lang.AssertionError -->
          <reporter-output>
            <line>
              <![CDATA[<a href="C:\Users\Yesica Acha\workspace\JagdPanther2/02-18-2015_18-43.png"><img src="file:///C:\Users\Yesica Acha\workspace\JagdPanther2/02-18-2015_18-43.png" alt=""height='100' width='100'/> <br />]]>
            </line>
          </reporter-output>
        </test-method> <!-- verifyAProgramIsEdited -->
        <test-method status="PASS" signature="verifyAProgramIsEdited(java.lang.String, java.lang.String, java.lang.String)[pri:0, instance:tests.editiontests.VerifyProgramEdition@10feca44]" name="verifyAProgramIsEdited" duration-ms="6337" started-at="2015-02-18T18:09:43Z" data-provider="ProgramCreation" finished-at="2015-02-18T18:09:50Z">
          <params>
            <param index="0">
              <value>
                <![CDATA[ProgramName3A]]>
              </value>
            </param>
            <param index="1">
              <value>
                <![CDATA[ProgramTitle3]]>
              </value>
            </param>
            <param index="2">
              <value>
                <![CDATA[ProgramDescription3]]>
              </value>
            </param>
          </params>
          <reporter-output>
          </reporter-output>
        </test-method> <!-- verifyAProgramIsEdited -->
        <test-method status="PASS" signature="closeConnection()[pri:0, instance:tests.editiontests.VerifyProgramEdition@10feca44]" name="closeConnection" is-config="true" duration-ms="4" started-at="2015-02-18T18:09:50Z" finished-at="2015-02-18T18:09:50Z">
          <reporter-output>
          </reporter-output>
        </test-method> <!-- closeConnection -->
      </class> <!-- tests.editiontests.VerifyProgramEdition -->
      <class name="tests.editiontests.BASuiteEditionTest">
        <test-method status="PASS" signature="init()[pri:0, instance:tests.editiontests.BASuiteEditionTest@49c7b90e]" name="init" is-config="true" duration-ms="5340" started-at="2015-02-18T18:09:30Z" finished-at="2015-02-18T18:09:35Z">
          <reporter-output>
          </reporter-output>
        </test-method> <!-- init -->
        <test-method status="PASS" signature="quit()[pri:0, instance:tests.editiontests.BASuiteEditionTest@49c7b90e]" name="quit" is-config="true" duration-ms="2433" started-at="2015-02-18T18:09:50Z" finished-at="2015-02-18T18:09:52Z">
          <reporter-output>
          </reporter-output>
        </test-method> <!-- quit -->
      </class> <!-- tests.editiontests.BASuiteEditionTest -->
    </test> <!-- JagdPantherEditionTests -->
  </suite> <!-- JagdPanther Edition -->
</testng-results>
